2025-06-08 02:45:45 [INFO] Starting Nest application...
2025-06-08 02:45:45 [INFO] AppModule dependencies initialized
2025-06-08 02:45:45 [INFO] DatabaseModule dependencies initialized
2025-06-08 02:45:45 [INFO] HttpModule dependencies initialized
2025-06-08 02:45:45 [INFO] ProducerController {/producers}:
2025-06-08 02:45:45 [INFO] Mapped {/producers, POST} route
2025-06-08 02:45:45 [INFO] Mapped {/producers/:id, GET} route
2025-06-08 02:45:45 [INFO] Mapped {/producers, GET} route
2025-06-08 02:45:45 [INFO] Mapped {/producers/:id, PUT} route
2025-06-08 02:45:45 [INFO] Mapped {/producers/:id, DELETE} route
2025-06-08 02:45:45 [INFO] FarmController {/farms}:
2025-06-08 02:45:45 [INFO] Mapped {/farms, POST} route
2025-06-08 02:45:45 [INFO] Mapped {/farms, GET} route
2025-06-08 02:45:45 [INFO] Mapped {/farms/:id, PUT} route
2025-06-08 02:45:45 [INFO] HarvestController {/harvests}:
2025-06-08 02:45:45 [INFO] Mapped {/harvests, POST} route
2025-06-08 02:45:45 [INFO] DashboardController {/dashboard}:
2025-06-08 02:45:45 [INFO] Mapped {/dashboard, GET} route
2025-06-08 02:45:45 [INFO] Nest application successfully started
2025-06-08 02:45:45 [INFO] Application is running on port 3000
2025-06-08 02:45:49 [INFO] Starting Nest application...
2025-06-08 02:45:49 [INFO] AppModule dependencies initialized
2025-06-08 02:45:49 [INFO] DatabaseModule dependencies initialized
2025-06-08 02:45:49 [INFO] HttpModule dependencies initialized
2025-06-08 02:45:49 [INFO] ProducerController {/producers}:
2025-06-08 02:45:49 [INFO] Mapped {/producers, POST} route
2025-06-08 02:45:49 [INFO] Mapped {/producers/:id, GET} route
2025-06-08 02:45:49 [INFO] Mapped {/producers, GET} route
2025-06-08 02:45:49 [INFO] Mapped {/producers/:id, PUT} route
2025-06-08 02:45:49 [INFO] Mapped {/producers/:id, DELETE} route
2025-06-08 02:45:49 [INFO] FarmController {/farms}:
2025-06-08 02:45:49 [INFO] Mapped {/farms, POST} route
2025-06-08 02:45:49 [INFO] Mapped {/farms, GET} route
2025-06-08 02:45:49 [INFO] Mapped {/farms/:id, PUT} route
2025-06-08 02:45:49 [INFO] HarvestController {/harvests}:
2025-06-08 02:45:49 [INFO] Mapped {/harvests, POST} route
2025-06-08 02:45:49 [INFO] DashboardController {/dashboard}:
2025-06-08 02:45:49 [INFO] Mapped {/dashboard, GET} route
2025-06-08 02:45:49 [INFO] Nest application successfully started
2025-06-08 02:45:49 [INFO] Application is running on port 3000
2025-06-08 02:47:26 [INFO] Starting Nest application...
2025-06-08 02:47:26 [INFO] AppModule dependencies initialized
2025-06-08 02:47:26 [INFO] DatabaseModule dependencies initialized
2025-06-08 02:47:26 [INFO] HttpModule dependencies initialized
2025-06-08 02:47:26 [INFO] ProducerController {/producers}:
2025-06-08 02:47:26 [INFO] Mapped {/producers, POST} route
2025-06-08 02:47:26 [INFO] Mapped {/producers/:id, GET} route
2025-06-08 02:47:26 [INFO] Mapped {/producers, GET} route
2025-06-08 02:47:26 [INFO] Mapped {/producers/:id, PUT} route
2025-06-08 02:47:26 [INFO] Mapped {/producers/:id, DELETE} route
2025-06-08 02:47:26 [INFO] FarmController {/farms}:
2025-06-08 02:47:26 [INFO] Mapped {/farms, POST} route
2025-06-08 02:47:26 [INFO] Mapped {/farms, GET} route
2025-06-08 02:47:26 [INFO] Mapped {/farms/:id, PUT} route
2025-06-08 02:47:26 [INFO] HarvestController {/harvests}:
2025-06-08 02:47:26 [INFO] Mapped {/harvests, POST} route
2025-06-08 02:47:26 [INFO] DashboardController {/dashboard}:
2025-06-08 02:47:26 [INFO] Mapped {/dashboard, GET} route
2025-06-08 02:47:26 [INFO] Nest application successfully started
2025-06-08 02:47:26 [ERROR] Error: Nest could not find WinstonLoggerService element (this provider does not exist in the current context) - Trace: N/A
2025-06-08 02:47:45 [INFO] Starting Nest application...
2025-06-08 02:47:45 [INFO] AppModule dependencies initialized
2025-06-08 02:47:45 [INFO] DatabaseModule dependencies initialized
2025-06-08 02:47:45 [INFO] HttpModule dependencies initialized
2025-06-08 02:47:45 [INFO] ProducerController {/producers}:
2025-06-08 02:47:45 [INFO] Mapped {/producers, POST} route
2025-06-08 02:47:45 [INFO] Mapped {/producers/:id, GET} route
2025-06-08 02:47:45 [INFO] Mapped {/producers, GET} route
2025-06-08 02:47:45 [INFO] Mapped {/producers/:id, PUT} route
2025-06-08 02:47:45 [INFO] Mapped {/producers/:id, DELETE} route
2025-06-08 02:47:45 [INFO] FarmController {/farms}:
2025-06-08 02:47:45 [INFO] Mapped {/farms, POST} route
2025-06-08 02:47:45 [INFO] Mapped {/farms, GET} route
2025-06-08 02:47:45 [INFO] Mapped {/farms/:id, PUT} route
2025-06-08 02:47:45 [INFO] HarvestController {/harvests}:
2025-06-08 02:47:45 [INFO] Mapped {/harvests, POST} route
2025-06-08 02:47:45 [INFO] DashboardController {/dashboard}:
2025-06-08 02:47:45 [INFO] Mapped {/dashboard, GET} route
2025-06-08 02:47:45 [INFO] Nest application successfully started
2025-06-08 02:48:16 [INFO] Starting Nest application...
2025-06-08 02:48:16 [INFO] AppModule dependencies initialized
2025-06-08 02:48:16 [INFO] DatabaseModule dependencies initialized
2025-06-08 02:48:16 [INFO] HttpModule dependencies initialized
2025-06-08 02:48:16 [INFO] ProducerController {/producers}:
2025-06-08 02:48:16 [INFO] Mapped {/producers, POST} route
2025-06-08 02:48:16 [INFO] Mapped {/producers/:id, GET} route
2025-06-08 02:48:16 [INFO] Mapped {/producers, GET} route
2025-06-08 02:48:16 [INFO] Mapped {/producers/:id, PUT} route
2025-06-08 02:48:16 [INFO] Mapped {/producers/:id, DELETE} route
2025-06-08 02:48:16 [INFO] FarmController {/farms}:
2025-06-08 02:48:16 [INFO] Mapped {/farms, POST} route
2025-06-08 02:48:16 [INFO] Mapped {/farms, GET} route
2025-06-08 02:48:16 [INFO] Mapped {/farms/:id, PUT} route
2025-06-08 02:48:16 [INFO] HarvestController {/harvests}:
2025-06-08 02:48:16 [INFO] Mapped {/harvests, POST} route
2025-06-08 02:48:16 [INFO] DashboardController {/dashboard}:
2025-06-08 02:48:16 [INFO] Mapped {/dashboard, GET} route
2025-06-08 02:48:18 [INFO] Nest application successfully started
2025-06-08 02:48:57 [INFO] Starting Nest application...
2025-06-08 02:48:58 [INFO] AppModule dependencies initialized
2025-06-08 02:48:58 [INFO] DatabaseModule dependencies initialized
2025-06-08 02:48:58 [INFO] HttpModule dependencies initialized
2025-06-08 02:48:58 [INFO] ProducerController {/producers}:
2025-06-08 02:48:58 [INFO] Mapped {/producers, POST} route
2025-06-08 02:48:58 [INFO] Mapped {/producers/:id, GET} route
2025-06-08 02:48:58 [INFO] Mapped {/producers, GET} route
2025-06-08 02:48:58 [INFO] Mapped {/producers/:id, PUT} route
2025-06-08 02:48:58 [INFO] Mapped {/producers/:id, DELETE} route
2025-06-08 02:48:58 [INFO] FarmController {/farms}:
2025-06-08 02:48:58 [INFO] Mapped {/farms, POST} route
2025-06-08 02:48:58 [INFO] Mapped {/farms, GET} route
2025-06-08 02:48:58 [INFO] Mapped {/farms/:id, PUT} route
2025-06-08 02:48:58 [INFO] HarvestController {/harvests}:
2025-06-08 02:48:58 [INFO] Mapped {/harvests, POST} route
2025-06-08 02:48:58 [INFO] DashboardController {/dashboard}:
2025-06-08 02:48:58 [INFO] Mapped {/dashboard, GET} route
2025-06-08 02:48:58 [INFO] Nest application successfully started
2025-06-08 02:48:58 [INFO] Application is running on port 3000
